2025-11-16 08:47:51,808 - INFO - __main__ - Data loaded successfully from data/dataset.csv
2025-11-16 08:47:51,820 - INFO - __main__ - Data preprocessing completed successfully (encoded categorical features)
2025-11-16 08:47:51,949 - INFO - __main__ - Model training completed successfully
2025-11-16 08:47:51,961 - INFO - __main__ - Model evaluation completed successfully with accuracy: 1.0000
2025-11-16 08:47:51,962 - INFO - __main__ - Classification Report:
              precision    recall  f1-score   support

           0       1.00      1.00      1.00         4
           1       1.00      1.00      1.00         2

    accuracy                           1.00         6
   macro avg       1.00      1.00      1.00         6
weighted avg       1.00      1.00      1.00         6

2025-11-16 08:47:52,002 - INFO - __main__ - Model saved successfully to random_forest_model.joblib
2025-11-16 08:50:58,573 - INFO - __main__ - Data loaded successfully from data/dataset.csv
2025-11-16 08:50:58,590 - INFO - __main__ - Data preprocessing completed successfully (encoded categorical features)
2025-11-16 08:50:58,752 - INFO - __main__ - Model training completed successfully
2025-11-16 08:50:58,763 - INFO - __main__ - Model evaluation completed successfully with accuracy: 1.0000
2025-11-16 08:50:58,763 - INFO - __main__ - Classification Report:
              precision    recall  f1-score   support

           0       1.00      1.00      1.00         4
           1       1.00      1.00      1.00         2

    accuracy                           1.00         6
   macro avg       1.00      1.00      1.00         6
weighted avg       1.00      1.00      1.00         6

2025-11-16 08:50:58,810 - INFO - __main__ - Model saved successfully to random_forest_model.joblib
2025-11-16 08:53:33,268 - ERROR - __main__ - Error loading data: [Errno 2] No such file or directory: 'data/dataset1.csv'
Traceback (most recent call last):
  File "c:\Users\chand\git_test_repo\model_training_with_logging.py", line 26, in load_data
    data = pd.read_csv(file_path)
           ^^^^^^^^^^^^^^^^^^^^^^
  File "C:\Users\chand\AppData\Roaming\Python\Python311\site-packages\pandas\io\parsers\readers.py", line 948, in read_csv
    return _read(filepath_or_buffer, kwds)
           ^^^^^^^^^^^^^^^^^^^^^^^^^^^^^^^
  File "C:\Users\chand\AppData\Roaming\Python\Python311\site-packages\pandas\io\parsers\readers.py", line 611, in _read
    parser = TextFileReader(filepath_or_buffer, **kwds)
             ^^^^^^^^^^^^^^^^^^^^^^^^^^^^^^^^^^^^^^^^^^
  File "C:\Users\chand\AppData\Roaming\Python\Python311\site-packages\pandas\io\parsers\readers.py", line 1448, in __init__
    self._engine = self._make_engine(f, self.engine)
                   ^^^^^^^^^^^^^^^^^^^^^^^^^^^^^^^^^
  File "C:\Users\chand\AppData\Roaming\Python\Python311\site-packages\pandas\io\parsers\readers.py", line 1705, in _make_engine
    self.handles = get_handle(
                   ^^^^^^^^^^^
  File "C:\Users\chand\AppData\Roaming\Python\Python311\site-packages\pandas\io\common.py", line 863, in get_handle
    handle = open(
             ^^^^^
FileNotFoundError: [Errno 2] No such file or directory: 'data/dataset1.csv'
